# JRE version: Java(TM) SE Runtime Environment (8.0_152-b16) (build 1.8.0_152-b16)
# Java VM: Java HotSpot(TM) 64-Bit Server VM (25.152-b16 mixed mode windows-amd64 compressed oops)
Heap:
 PSYoungGen      total 160768K, used 121736K [0x00000000e0980000, 0x00000000eaf00000, 0x0000000100000000)
  eden space 152064K, 77% used [0x00000000e0980000,0x00000000e7cbe858,0x00000000e9e00000)
  from space 8704K, 42% used [0x00000000e9e00000,0x00000000ea1a3820,0x00000000ea680000)
  to   space 6656K, 0% used [0x00000000ea880000,0x00000000ea880000,0x00000000eaf00000)
 ParOldGen       total 46080K, used 36049K [0x00000000a1c00000, 0x00000000a4900000, 0x00000000e0980000)
  object space 46080K, 78% used [0x00000000a1c00000,0x00000000a3f34778,0x00000000a4900000)
 Metaspace       used 37097K, capacity 38710K, committed 38784K, reserved 1089536K
  class space    used 5153K, capacity 5474K, committed 5504K, reserved 1048576K
GC Heap History (10 events):
Event: 16.193 GC heap before
{Heap before GC invocations=33 (full 2):
 PSYoungGen      total 144896K, used 3763K [0x00000000e0980000, 0x00000000e9e80000, 0x0000000100000000)
  eden space 137216K, 0% used [0x00000000e0980000,0x00000000e0980000,0x00000000e8f80000)
  from space 7680K, 48% used [0x00000000e8f80000,0x00000000e932cc70,0x00000000e9700000)
  to   space 5632K, 0% used [0x00000000e9900000,0x00000000e9900000,0x00000000e9e80000)
 ParOldGen       total 46080K, used 29655K [0x00000000a1c00000, 0x00000000a4900000, 0x00000000e0980000)
  object space 46080K, 64% used [0x00000000a1c00000,0x00000000a38f5f10,0x00000000a4900000)
 Metaspace       used 26824K, capacity 27966K, committed 28032K, reserved 1079296K
  class space    used 3664K, capacity 3950K, committed 3968K, reserved 1048576K
Event: 16.279 GC heap after
Heap after GC invocations=33 (full 2):
 PSYoungGen      total 144896K, used 0K [0x00000000e0980000, 0x00000000e9e80000, 0x0000000100000000)
  eden space 137216K, 0% used [0x00000000e0980000,0x00000000e0980000,0x00000000e8f80000)
  from space 7680K, 0% used [0x00000000e8f80000,0x00000000e8f80000,0x00000000e9700000)
  to   space 5632K, 0% used [0x00000000e9900000,0x00000000e9900000,0x00000000e9e80000)
 ParOldGen       total 46080K, used 28631K [0x00000000a1c00000, 0x00000000a4900000, 0x00000000e0980000)
  object space 46080K, 62% used [0x00000000a1c00000,0x00000000a37f5d28,0x00000000a4900000)
 Metaspace       used 26824K, capacity 27966K, committed 28032K, reserved 1077248K
  class space    used 3664K, capacity 3950K, committed 3968K, reserved 1048576K
}
Event: 17.523 GC heap before
{Heap before GC invocations=34 (full 2):
 PSYoungGen      total 144896K, used 137216K [0x00000000e0980000, 0x00000000e9e80000, 0x0000000100000000)
  eden space 137216K, 100% used [0x00000000e0980000,0x00000000e8f80000,0x00000000e8f80000)
  from space 7680K, 0% used [0x00000000e8f80000,0x00000000e8f80000,0x00000000e9700000)
  to   space 5632K, 0% used [0x00000000e9900000,0x00000000e9900000,0x00000000e9e80000)
 ParOldGen       total 46080K, used 28631K [0x00000000a1c00000, 0x00000000a4900000, 0x00000000e0980000)
  object space 46080K, 62% used [0x00000000a1c00000,0x00000000a37f5d28,0x00000000a4900000)
 Metaspace       used 29598K, capacity 31060K, committed 31360K, reserved 1081344K
  class space    used 4060K, capacity 4355K, committed 4480K, reserved 1048576K
Event: 17.528 GC heap after
Heap after GC invocations=34 (full 2):
 PSYoungGen      total 143360K, used 5626K [0x00000000e0980000, 0x00000000eb480000, 0x0000000100000000)
  eden space 137728K, 0% used [0x00000000e0980000,0x00000000e0980000,0x00000000e9000000)
  from space 5632K, 99% used [0x00000000e9900000,0x00000000e9e7ea00,0x00000000e9e80000)
  to   space 9216K, 0% used [0x00000000e9000000,0x00000000e9000000,0x00000000e9900000)
 ParOldGen       total 46080K, used 30466K [0x00000000a1c00000, 0x00000000a4900000, 0x00000000e0980000)
  object space 46080K, 66% used [0x00000000a1c00000,0x00000000a39c0898,0x00000000a4900000)
 Metaspace       used 29598K, capacity 31060K, committed 31360K, reserved 1081344K
  class space    used 4060K, capacity 4355K, committed 4480K, reserved 1048576K
}
Event: 18.463 GC heap before
{Heap before GC invocations=35 (full 2):
 PSYoungGen      total 143360K, used 143354K [0x00000000e0980000, 0x00000000eb480000, 0x0000000100000000)
  eden space 137728K, 100% used [0x00000000e0980000,0x00000000e9000000,0x00000000e9000000)
  from space 5632K, 99% used [0x00000000e9900000,0x00000000e9e7ea00,0x00000000e9e80000)
  to   space 9216K, 0% used [0x00000000e9000000,0x00000000e9000000,0x00000000e9900000)
 ParOldGen       total 46080K, used 30466K [0x00000000a1c00000, 0x00000000a4900000, 0x00000000e0980000)
  object space 46080K, 66% used [0x00000000a1c00000,0x00000000a39c0898,0x00000000a4900000)
 Metaspace       used 31361K, capacity 32986K, committed 33024K, reserved 1083392K
  class space    used 4283K, capacity 4594K, committed 4608K, reserved 1048576K
Event: 18.470 GC heap after
Heap after GC invocations=35 (full 2):
 PSYoungGen      total 146944K, used 3331K [0x00000000e0980000, 0x00000000eb180000, 0x0000000100000000)
  eden space 137728K, 0% used [0x00000000e0980000,0x00000000e0980000,0x00000000e9000000)
  from space 9216K, 36% used [0x00000000e9000000,0x00000000e9340ce0,0x00000000e9900000)
  to   space 9216K, 0% used [0x00000000ea880000,0x00000000ea880000,0x00000000eb180000)
 ParOldGen       total 46080K, used 36033K [0x00000000a1c00000, 0x00000000a4900000, 0x00000000e0980000)
  object space 46080K, 78% used [0x00000000a1c00000,0x00000000a3f30778,0x00000000a4900000)
 Metaspace       used 31361K, capacity 32986K, committed 33024K, reserved 1083392K
  class space    used 4283K, capacity 4594K, committed 4608K, reserved 1048576K
}
Event: 20.080 GC heap before
{Heap before GC invocations=36 (full 2):
 PSYoungGen      total 146944K, used 141059K [0x00000000e0980000, 0x00000000eb180000, 0x0000000100000000)
  eden space 137728K, 100% used [0x00000000e0980000,0x00000000e9000000,0x00000000e9000000)
  from space 9216K, 36% used [0x00000000e9000000,0x00000000e9340ce0,0x00000000e9900000)
  to   space 9216K, 0% used [0x00000000ea880000,0x00000000ea880000,0x00000000eb180000)
 ParOldGen       total 46080K, used 36033K [0x00000000a1c00000, 0x00000000a4900000, 0x00000000e0980000)
  object space 46080K, 78% used [0x00000000a1c00000,0x00000000a3f30778,0x00000000a4900000)
 Metaspace       used 32087K, capacity 33762K, committed 33920K, reserved 1083392K
  class space    used 4377K, capacity 4724K, committed 4736K, reserved 1048576K
Event: 20.084 GC heap after
Heap after GC invocations=36 (full 2):
 PSYoungGen      total 158720K, used 2693K [0x00000000e0980000, 0x00000000eaf00000, 0x0000000100000000)
  eden space 152064K, 0% used [0x00000000e0980000,0x00000000e0980000,0x00000000e9e00000)
  from space 6656K, 40% used [0x00000000ea880000,0x00000000eab217a0,0x00000000eaf00000)
  to   space 8704K, 0% used [0x00000000e9e00000,0x00000000e9e00000,0x00000000ea680000)
 ParOldGen       total 46080K, used 36041K [0x00000000a1c00000, 0x00000000a4900000, 0x00000000e0980000)
  object space 46080K, 78% used [0x00000000a1c00000,0x00000000a3f32778,0x00000000a4900000)
 Metaspace       used 32087K, capacity 33762K, committed 33920K, reserved 1083392K
  class space    used 4377K, capacity 4724K, committed 4736K, reserved 1048576K
}
Event: 20.922 GC heap before
{Heap before GC invocations=37 (full 2):
 PSYoungGen      total 158720K, used 154757K [0x00000000e0980000, 0x00000000eaf00000, 0x0000000100000000)
  eden space 152064K, 100% used [0x00000000e0980000,0x00000000e9e00000,0x00000000e9e00000)
  from space 6656K, 40% used [0x00000000ea880000,0x00000000eab217a0,0x00000000eaf00000)
  to   space 8704K, 0% used [0x00000000e9e00000,0x00000000e9e00000,0x00000000ea680000)
 ParOldGen       total 46080K, used 36041K [0x00000000a1c00000, 0x00000000a4900000, 0x00000000e0980000)
  object space 46080K, 78% used [0x00000000a1c00000,0x00000000a3f32778,0x00000000a4900000)
 Metaspace       used 33671K, capacity 35350K, committed 35456K, reserved 1085440K
  class space    used 4612K, capacity 4952K, committed 4992K, reserved 1048576K
Event: 20.927 GC heap after
Heap after GC invocations=37 (full 2):
 PSYoungGen      total 160768K, used 3726K [0x00000000e0980000, 0x00000000eaf00000, 0x0000000100000000)
  eden space 152064K, 0% used [0x00000000e0980000,0x00000000e0980000,0x00000000e9e00000)
  from space 8704K, 42% used [0x00000000e9e00000,0x00000000ea1a3820,0x00000000ea680000)
  to   space 6656K, 0% used [0x00000000ea880000,0x00000000ea880000,0x00000000eaf00000)
 ParOldGen       total 46080K, used 36049K [0x00000000a1c00000, 0x00000000a4900000, 0x00000000e0980000)
  object space 46080K, 78% used [0x00000000a1c00000,0x00000000a3f34778,0x00000000a4900000)
 Metaspace       used 33671K, capacity 35350K, committed 35456K, reserved 1085440K
  class space    used 4612K, capacity 4952K, committed 4992K, reserved 1048576K
}

